
*** Running vivado
    with args -log milestone_1.vds -m64 -product Vivado -mode batch -messageDb vivado.pb -notrace -source milestone_1.tcl



****** Vivado v2022.2 (64-bit)
  **** SW Build 3671981 on Fri Oct 14 05:00:03 MDT 2022
  **** IP Build 3669848 on Fri Oct 14 08:30:02 MDT 2022
    ** Copyright 1986-2022 Xilinx, Inc. All Rights Reserved.

source milestone_1.tcl -notrace
create_project: Time (s): cpu = 00:00:08 ; elapsed = 00:00:09 . Memory (MB): peak = 375.266 ; gain = 52.969
Command: read_checkpoint -auto_incremental -incremental {D:/UC Files/2025/ENEL373/project_1/project_1.srcs/utils_1/imports/synth_1/counter_test.dcp}
INFO: [Vivado 12-5825] Read reference checkpoint from D:/UC Files/2025/ENEL373/project_1/project_1.srcs/utils_1/imports/synth_1/counter_test.dcp for incremental synthesis
INFO: [Vivado 12-7989] Please ensure there are no constraint changes
Command: synth_design -top milestone_1 -part xc7a100tcsg324-1
Starting synth_design
Attempting to get a license for feature 'Synthesis' and/or device 'xc7a100t'
INFO: [Common 17-349] Got license for feature 'Synthesis' and/or device 'xc7a100t'
INFO: [Device 21-403] Loading part xc7a100tcsg324-1
INFO: [Designutils 20-5440] No compile time benefit to using incremental synthesis; A full resynthesis will be run
INFO: [Designutils 20-4379] Flow is switching to default flow due to incremental criteria not met. If you would like to alter this behaviour and have the flow terminate instead, please set the following parameter config_implementation {autoIncr.Synth.RejectBehavior Terminate}
INFO: [Synth 8-7079] Multithreading enabled for synth_design using a maximum of 2 processes.
INFO: [Synth 8-7078] Launching helper process for spawning children vivado processes
INFO: [Synth 8-7075] Helper process launched with PID 24308
INFO: [Synth 8-11241] undeclared symbol 'REGCCE', assumed default net type 'wire' [C:/Xilinx/Vivado/2022.2/data/verilog/src/unimacro/BRAM_SINGLE_MACRO.v:2170]
---------------------------------------------------------------------------------
Starting RTL Elaboration : Time (s): cpu = 00:00:08 ; elapsed = 00:00:08 . Memory (MB): peak = 1203.430 ; gain = 409.023
---------------------------------------------------------------------------------
INFO: [Synth 8-638] synthesizing module 'milestone_1' [D:/UC Files/2025/ENEL373/ThuGroup13/reaction_timer/reaction_timer.srcs/sources_1/new/milestone_1.vhd:42]
INFO: [Synth 8-3491] module 'clk_divider' declared at 'D:/UC Files/2025/ENEL373/ThuGroup13/reaction_timer/reaction_timer.srcs/sources_1/new/clk_divider.vhd:31' bound to instance 'ff0' of component 'clk_divider' [D:/UC Files/2025/ENEL373/ThuGroup13/reaction_timer/reaction_timer.srcs/sources_1/new/milestone_1.vhd:70]
INFO: [Synth 8-638] synthesizing module 'clk_divider' [D:/UC Files/2025/ENEL373/ThuGroup13/reaction_timer/reaction_timer.srcs/sources_1/new/clk_divider.vhd:38]
INFO: [Synth 8-256] done synthesizing module 'clk_divider' (0#1) [D:/UC Files/2025/ENEL373/ThuGroup13/reaction_timer/reaction_timer.srcs/sources_1/new/clk_divider.vhd:38]
INFO: [Synth 8-3491] module 'timer_8_num_selectable' declared at 'D:/UC Files/2025/ENEL373/ThuGroup13/reaction_timer/reaction_timer.srcs/sources_1/new/timer_8_num_selectable.vhd:25' bound to instance 'ff1' of component 'timer_8_num_selectable' [D:/UC Files/2025/ENEL373/ThuGroup13/reaction_timer/reaction_timer.srcs/sources_1/new/milestone_1.vhd:74]
INFO: [Synth 8-638] synthesizing module 'timer_8_num_selectable' [D:/UC Files/2025/ENEL373/ThuGroup13/reaction_timer/reaction_timer.srcs/sources_1/new/timer_8_num_selectable.vhd:33]
INFO: [Synth 8-3491] module 'counter_decade' declared at 'D:/UC Files/2025/ENEL373/ThuGroup13/reaction_timer/reaction_timer.srcs/sources_1/new/counter_9i_plus.vhd:31' bound to instance 'ff0' of component 'counter_decade' [D:/UC Files/2025/ENEL373/ThuGroup13/reaction_timer/reaction_timer.srcs/sources_1/new/timer_8_num_selectable.vhd:69]
INFO: [Synth 8-638] synthesizing module 'counter_decade' [D:/UC Files/2025/ENEL373/ThuGroup13/reaction_timer/reaction_timer.srcs/sources_1/new/counter_9i_plus.vhd:39]
INFO: [Synth 8-256] done synthesizing module 'counter_decade' (0#1) [D:/UC Files/2025/ENEL373/ThuGroup13/reaction_timer/reaction_timer.srcs/sources_1/new/counter_9i_plus.vhd:39]
INFO: [Synth 8-3491] module 'counter_decade' declared at 'D:/UC Files/2025/ENEL373/ThuGroup13/reaction_timer/reaction_timer.srcs/sources_1/new/counter_9i_plus.vhd:31' bound to instance 'ff1' of component 'counter_decade' [D:/UC Files/2025/ENEL373/ThuGroup13/reaction_timer/reaction_timer.srcs/sources_1/new/timer_8_num_selectable.vhd:75]
INFO: [Synth 8-3491] module 'counter_decade' declared at 'D:/UC Files/2025/ENEL373/ThuGroup13/reaction_timer/reaction_timer.srcs/sources_1/new/counter_9i_plus.vhd:31' bound to instance 'ff2' of component 'counter_decade' [D:/UC Files/2025/ENEL373/ThuGroup13/reaction_timer/reaction_timer.srcs/sources_1/new/timer_8_num_selectable.vhd:81]
INFO: [Synth 8-3491] module 'counter_decade' declared at 'D:/UC Files/2025/ENEL373/ThuGroup13/reaction_timer/reaction_timer.srcs/sources_1/new/counter_9i_plus.vhd:31' bound to instance 'ff3' of component 'counter_decade' [D:/UC Files/2025/ENEL373/ThuGroup13/reaction_timer/reaction_timer.srcs/sources_1/new/timer_8_num_selectable.vhd:87]
INFO: [Synth 8-3491] module 'counter_decade' declared at 'D:/UC Files/2025/ENEL373/ThuGroup13/reaction_timer/reaction_timer.srcs/sources_1/new/counter_9i_plus.vhd:31' bound to instance 'ff4' of component 'counter_decade' [D:/UC Files/2025/ENEL373/ThuGroup13/reaction_timer/reaction_timer.srcs/sources_1/new/timer_8_num_selectable.vhd:93]
INFO: [Synth 8-3491] module 'counter_decade' declared at 'D:/UC Files/2025/ENEL373/ThuGroup13/reaction_timer/reaction_timer.srcs/sources_1/new/counter_9i_plus.vhd:31' bound to instance 'ff5' of component 'counter_decade' [D:/UC Files/2025/ENEL373/ThuGroup13/reaction_timer/reaction_timer.srcs/sources_1/new/timer_8_num_selectable.vhd:99]
INFO: [Synth 8-3491] module 'counter_decade' declared at 'D:/UC Files/2025/ENEL373/ThuGroup13/reaction_timer/reaction_timer.srcs/sources_1/new/counter_9i_plus.vhd:31' bound to instance 'ff6' of component 'counter_decade' [D:/UC Files/2025/ENEL373/ThuGroup13/reaction_timer/reaction_timer.srcs/sources_1/new/timer_8_num_selectable.vhd:105]
INFO: [Synth 8-3491] module 'counter_decade' declared at 'D:/UC Files/2025/ENEL373/ThuGroup13/reaction_timer/reaction_timer.srcs/sources_1/new/counter_9i_plus.vhd:31' bound to instance 'ff7' of component 'counter_decade' [D:/UC Files/2025/ENEL373/ThuGroup13/reaction_timer/reaction_timer.srcs/sources_1/new/timer_8_num_selectable.vhd:111]
INFO: [Synth 8-3491] module 'multiplexer_8_1_4b' declared at 'D:/UC Files/2025/ENEL373/ThuGroup13/reaction_timer/reaction_timer.srcs/sources_1/new/multiplexer_8_1.vhd:34' bound to instance 'ff8' of component 'multiplexer_8_1_4b' [D:/UC Files/2025/ENEL373/ThuGroup13/reaction_timer/reaction_timer.srcs/sources_1/new/timer_8_num_selectable.vhd:117]
INFO: [Synth 8-638] synthesizing module 'multiplexer_8_1_4b' [D:/UC Files/2025/ENEL373/ThuGroup13/reaction_timer/reaction_timer.srcs/sources_1/new/multiplexer_8_1.vhd:47]
WARNING: [Synth 8-614] signal 'MUX_IN_0' is read in the process but is not in the sensitivity list [D:/UC Files/2025/ENEL373/ThuGroup13/reaction_timer/reaction_timer.srcs/sources_1/new/multiplexer_8_1.vhd:50]
WARNING: [Synth 8-614] signal 'MUX_IN_1' is read in the process but is not in the sensitivity list [D:/UC Files/2025/ENEL373/ThuGroup13/reaction_timer/reaction_timer.srcs/sources_1/new/multiplexer_8_1.vhd:50]
WARNING: [Synth 8-614] signal 'MUX_IN_2' is read in the process but is not in the sensitivity list [D:/UC Files/2025/ENEL373/ThuGroup13/reaction_timer/reaction_timer.srcs/sources_1/new/multiplexer_8_1.vhd:50]
WARNING: [Synth 8-614] signal 'MUX_IN_3' is read in the process but is not in the sensitivity list [D:/UC Files/2025/ENEL373/ThuGroup13/reaction_timer/reaction_timer.srcs/sources_1/new/multiplexer_8_1.vhd:50]
WARNING: [Synth 8-614] signal 'MUX_IN_4' is read in the process but is not in the sensitivity list [D:/UC Files/2025/ENEL373/ThuGroup13/reaction_timer/reaction_timer.srcs/sources_1/new/multiplexer_8_1.vhd:50]
WARNING: [Synth 8-614] signal 'MUX_IN_5' is read in the process but is not in the sensitivity list [D:/UC Files/2025/ENEL373/ThuGroup13/reaction_timer/reaction_timer.srcs/sources_1/new/multiplexer_8_1.vhd:50]
WARNING: [Synth 8-614] signal 'MUX_IN_6' is read in the process but is not in the sensitivity list [D:/UC Files/2025/ENEL373/ThuGroup13/reaction_timer/reaction_timer.srcs/sources_1/new/multiplexer_8_1.vhd:50]
WARNING: [Synth 8-614] signal 'MUX_IN_7' is read in the process but is not in the sensitivity list [D:/UC Files/2025/ENEL373/ThuGroup13/reaction_timer/reaction_timer.srcs/sources_1/new/multiplexer_8_1.vhd:50]
INFO: [Synth 8-256] done synthesizing module 'multiplexer_8_1_4b' (0#1) [D:/UC Files/2025/ENEL373/ThuGroup13/reaction_timer/reaction_timer.srcs/sources_1/new/multiplexer_8_1.vhd:47]
INFO: [Synth 8-256] done synthesizing module 'timer_8_num_selectable' (0#1) [D:/UC Files/2025/ENEL373/ThuGroup13/reaction_timer/reaction_timer.srcs/sources_1/new/timer_8_num_selectable.vhd:33]
INFO: [Synth 8-3491] module 'segment_display' declared at 'D:/UC Files/2025/ENEL373/ThuGroup13/reaction_timer/reaction_timer.srcs/sources_1/new/segment_display.vhd:34' bound to instance 'ff2' of component 'segment_display' [D:/UC Files/2025/ENEL373/ThuGroup13/reaction_timer/reaction_timer.srcs/sources_1/new/milestone_1.vhd:80]
INFO: [Synth 8-638] synthesizing module 'segment_display' [D:/UC Files/2025/ENEL373/ThuGroup13/reaction_timer/reaction_timer.srcs/sources_1/new/segment_display.vhd:42]
INFO: [Synth 8-3491] module 'decoder_3b' declared at 'D:/UC Files/2025/ENEL373/ThuGroup13/reaction_timer/reaction_timer.srcs/sources_1/new/decoder_3b.vhd:31' bound to instance 'ff0' of component 'decoder_3b' [D:/UC Files/2025/ENEL373/ThuGroup13/reaction_timer/reaction_timer.srcs/sources_1/new/segment_display.vhd:56]
INFO: [Synth 8-638] synthesizing module 'decoder_3b' [D:/UC Files/2025/ENEL373/ThuGroup13/reaction_timer/reaction_timer.srcs/sources_1/new/decoder_3b.vhd:36]
INFO: [Synth 8-256] done synthesizing module 'decoder_3b' (0#1) [D:/UC Files/2025/ENEL373/ThuGroup13/reaction_timer/reaction_timer.srcs/sources_1/new/decoder_3b.vhd:36]
INFO: [Synth 8-3491] module 'seven_seg_decoder' declared at 'D:/UC Files/2025/ENEL373/ThuGroup13/reaction_timer/reaction_timer.srcs/sources_1/new/seven_seg_decoder.vhd:3' bound to instance 'ff1' of component 'seven_seg_decoder' [D:/UC Files/2025/ENEL373/ThuGroup13/reaction_timer/reaction_timer.srcs/sources_1/new/segment_display.vhd:59]
INFO: [Synth 8-638] synthesizing module 'seven_seg_decoder' [D:/UC Files/2025/ENEL373/ThuGroup13/reaction_timer/reaction_timer.srcs/sources_1/new/seven_seg_decoder.vhd:8]
INFO: [Synth 8-256] done synthesizing module 'seven_seg_decoder' (0#1) [D:/UC Files/2025/ENEL373/ThuGroup13/reaction_timer/reaction_timer.srcs/sources_1/new/seven_seg_decoder.vhd:8]
INFO: [Synth 8-256] done synthesizing module 'segment_display' (0#1) [D:/UC Files/2025/ENEL373/ThuGroup13/reaction_timer/reaction_timer.srcs/sources_1/new/segment_display.vhd:42]
INFO: [Synth 8-256] done synthesizing module 'milestone_1' (0#1) [D:/UC Files/2025/ENEL373/ThuGroup13/reaction_timer/reaction_timer.srcs/sources_1/new/milestone_1.vhd:42]
WARNING: [Synth 8-3917] design milestone_1 has port LED[7] driven by constant 0
WARNING: [Synth 8-3917] design milestone_1 has port LED[6] driven by constant 0
WARNING: [Synth 8-3917] design milestone_1 has port LED[5] driven by constant 0
WARNING: [Synth 8-3917] design milestone_1 has port LED[4] driven by constant 0
WARNING: [Synth 8-3917] design milestone_1 has port LED[3] driven by constant 0
WARNING: [Synth 8-3917] design milestone_1 has port LED[2] driven by constant 0
WARNING: [Synth 8-3917] design milestone_1 has port LED[1] driven by constant 0
WARNING: [Synth 8-3917] design milestone_1 has port LED[0] driven by constant 0
WARNING: [Synth 8-7129] Port SW[7] in module milestone_1 is either unconnected or has no load
WARNING: [Synth 8-7129] Port SW[6] in module milestone_1 is either unconnected or has no load
WARNING: [Synth 8-7129] Port SW[5] in module milestone_1 is either unconnected or has no load
WARNING: [Synth 8-7129] Port SW[4] in module milestone_1 is either unconnected or has no load
WARNING: [Synth 8-7129] Port SW[3] in module milestone_1 is either unconnected or has no load
WARNING: [Synth 8-7129] Port SW[2] in module milestone_1 is either unconnected or has no load
WARNING: [Synth 8-7129] Port SW[1] in module milestone_1 is either unconnected or has no load
WARNING: [Synth 8-7129] Port SW[0] in module milestone_1 is either unconnected or has no load
---------------------------------------------------------------------------------
Finished RTL Elaboration : Time (s): cpu = 00:00:11 ; elapsed = 00:00:11 . Memory (MB): peak = 1293.645 ; gain = 499.238
---------------------------------------------------------------------------------
---------------------------------------------------------------------------------
Start Handling Custom Attributes
---------------------------------------------------------------------------------
---------------------------------------------------------------------------------
Finished Handling Custom Attributes : Time (s): cpu = 00:00:11 ; elapsed = 00:00:11 . Memory (MB): peak = 1293.645 ; gain = 499.238
---------------------------------------------------------------------------------
---------------------------------------------------------------------------------
Finished RTL Optimization Phase 1 : Time (s): cpu = 00:00:11 ; elapsed = 00:00:11 . Memory (MB): peak = 1293.645 ; gain = 499.238
---------------------------------------------------------------------------------
Netlist sorting complete. Time (s): cpu = 00:00:00 ; elapsed = 00:00:00.003 . Memory (MB): peak = 1293.645 ; gain = 0.000
INFO: [Project 1-570] Preparing netlist for logic optimization

Processing XDC Constraints
Initializing timing engine
Parsing XDC File [D:/UC Files/2025/ENEL373/ThuGroup13/reaction_timer/reaction_timer.srcs/constrs_1/imports/reaction_timer/Nexys-4-DDR-Master.xdc]
Finished Parsing XDC File [D:/UC Files/2025/ENEL373/ThuGroup13/reaction_timer/reaction_timer.srcs/constrs_1/imports/reaction_timer/Nexys-4-DDR-Master.xdc]
INFO: [Project 1-236] Implementation specific constraints were found while reading constraint file [D:/UC Files/2025/ENEL373/ThuGroup13/reaction_timer/reaction_timer.srcs/constrs_1/imports/reaction_timer/Nexys-4-DDR-Master.xdc]. These constraints will be ignored for synthesis but will be used in implementation. Impacted constraints are listed in the file [.Xil/milestone_1_propImpl.xdc].
Resolution: To avoid this warning, move constraints listed in [.Xil/milestone_1_propImpl.xdc] to another XDC file and exclude this new file from synthesis with the used_in_synthesis property (File Properties dialog in GUI) and re-run elaboration/synthesis.
Completed Processing XDC Constraints

Netlist sorting complete. Time (s): cpu = 00:00:00 ; elapsed = 00:00:00 . Memory (MB): peak = 1391.008 ; gain = 0.000
INFO: [Project 1-111] Unisim Transformation Summary:
No Unisim elements were transformed.

Constraint Validation Runtime : Time (s): cpu = 00:00:00 ; elapsed = 00:00:00.003 . Memory (MB): peak = 1391.008 ; gain = 0.000
INFO: [Designutils 20-5440] No compile time benefit to using incremental synthesis; A full resynthesis will be run
INFO: [Designutils 20-4379] Flow is switching to default flow due to incremental criteria not met. If you would like to alter this behaviour and have the flow terminate instead, please set the following parameter config_implementation {autoIncr.Synth.RejectBehavior Terminate}
INFO: [Synth 8-11241] undeclared symbol 'REGCCE', assumed default net type 'wire' [C:/Xilinx/Vivado/2022.2/data/verilog/src/unimacro/BRAM_SINGLE_MACRO.v:2170]
---------------------------------------------------------------------------------
Finished Constraint Validation : Time (s): cpu = 00:00:22 ; elapsed = 00:00:23 . Memory (MB): peak = 1391.008 ; gain = 596.602
---------------------------------------------------------------------------------
---------------------------------------------------------------------------------
Start Loading Part and Timing Information
---------------------------------------------------------------------------------
Loading part: xc7a100tcsg324-1
---------------------------------------------------------------------------------
Finished Loading Part and Timing Information : Time (s): cpu = 00:00:22 ; elapsed = 00:00:23 . Memory (MB): peak = 1391.008 ; gain = 596.602
---------------------------------------------------------------------------------
---------------------------------------------------------------------------------
Start Applying 'set_property' XDC Constraints
---------------------------------------------------------------------------------
---------------------------------------------------------------------------------
Finished applying 'set_property' XDC Constraints : Time (s): cpu = 00:00:22 ; elapsed = 00:00:23 . Memory (MB): peak = 1391.008 ; gain = 596.602
---------------------------------------------------------------------------------
WARNING: [Synth 8-327] inferring latch for variable 'SEGMENT_LIGHT_OUT_reg' [D:/UC Files/2025/ENEL373/ThuGroup13/reaction_timer/reaction_timer.srcs/sources_1/new/seven_seg_decoder.vhd:15]
---------------------------------------------------------------------------------
Finished RTL Optimization Phase 2 : Time (s): cpu = 00:00:23 ; elapsed = 00:00:23 . Memory (MB): peak = 1391.008 ; gain = 596.602
---------------------------------------------------------------------------------
---------------------------------------------------------------------------------
Start RTL Component Statistics 
---------------------------------------------------------------------------------
Detailed RTL Component Info : 
+---Adders : 
	   2 Input    4 Bit       Adders := 8     
	   2 Input    3 Bit       Adders := 1     
+---Registers : 
	                4 Bit    Registers := 8     
	                3 Bit    Registers := 1     
	                1 Bit    Registers := 17    
+---Muxes : 
	  15 Input    8 Bit        Muxes := 1     
	   2 Input    4 Bit        Muxes := 8     
	   2 Input    1 Bit        Muxes := 16    
---------------------------------------------------------------------------------
Finished RTL Component Statistics 
---------------------------------------------------------------------------------
---------------------------------------------------------------------------------
Start Part Resource Summary
---------------------------------------------------------------------------------
Part Resources:
DSPs: 240 (col length:80)
BRAMs: 270 (col length: RAMB18 80 RAMB36 40)
---------------------------------------------------------------------------------
Finished Part Resource Summary
---------------------------------------------------------------------------------
---------------------------------------------------------------------------------
Start Cross Boundary and Area Optimization
---------------------------------------------------------------------------------
WARNING: [Synth 8-7080] Parallel synthesis criteria is not met
WARNING: [Synth 8-3917] design milestone_1 has port LED[7] driven by constant 0
WARNING: [Synth 8-3917] design milestone_1 has port LED[6] driven by constant 0
WARNING: [Synth 8-3917] design milestone_1 has port LED[5] driven by constant 0
WARNING: [Synth 8-3917] design milestone_1 has port LED[4] driven by constant 0
WARNING: [Synth 8-3917] design milestone_1 has port LED[3] driven by constant 0
WARNING: [Synth 8-3917] design milestone_1 has port LED[2] driven by constant 0
WARNING: [Synth 8-3917] design milestone_1 has port LED[1] driven by constant 0
WARNING: [Synth 8-3917] design milestone_1 has port LED[0] driven by constant 0
WARNING: [Synth 8-3917] design milestone_1 has port SEVEN_SEG[0] driven by constant 0
WARNING: [Synth 8-7129] Port SW[7] in module milestone_1 is either unconnected or has no load
WARNING: [Synth 8-7129] Port SW[6] in module milestone_1 is either unconnected or has no load
WARNING: [Synth 8-7129] Port SW[5] in module milestone_1 is either unconnected or has no load
WARNING: [Synth 8-7129] Port SW[4] in module milestone_1 is either unconnected or has no load
WARNING: [Synth 8-7129] Port SW[3] in module milestone_1 is either unconnected or has no load
WARNING: [Synth 8-7129] Port SW[2] in module milestone_1 is either unconnected or has no load
WARNING: [Synth 8-7129] Port SW[1] in module milestone_1 is either unconnected or has no load
WARNING: [Synth 8-7129] Port SW[0] in module milestone_1 is either unconnected or has no load
WARNING: [Synth 8-3332] Sequential element (ff2/ff1/SEGMENT_LIGHT_OUT_reg[0]) is unused and will be removed from module milestone_1.
WARNING: [Synth 8-3332] Sequential element (ff2/ff1/SEGMENT_LIGHT_OUT_reg[7]) is unused and will be removed from module milestone_1.
CRITICAL WARNING: [Synth 8-6859] multi-driven net on pin DECIMAL_POINT_IN with 1st driver pin 'ff2/ff1/SEGMENT_LIGHT_OUT_reg[7]/Q' [D:/UC Files/2025/ENEL373/ThuGroup13/reaction_timer/reaction_timer.srcs/sources_1/new/seven_seg_decoder.vhd:15]
CRITICAL WARNING: [Synth 8-6859] multi-driven net on pin DECIMAL_POINT_IN with 2nd driver pin 'GND' [D:/UC Files/2025/ENEL373/ThuGroup13/reaction_timer/reaction_timer.srcs/sources_1/new/seven_seg_decoder.vhd:15]
CRITICAL WARNING: [Synth 8-6858] multi-driven net DECIMAL_POINT_IN is connected to at least one constant driver which has been preserved, other driver is ignored [D:/UC Files/2025/ENEL373/ThuGroup13/reaction_timer/reaction_timer.srcs/sources_1/new/seven_seg_decoder.vhd:15]
---------------------------------------------------------------------------------
Finished Cross Boundary and Area Optimization : Time (s): cpu = 00:00:26 ; elapsed = 00:00:27 . Memory (MB): peak = 1391.008 ; gain = 596.602
---------------------------------------------------------------------------------
---------------------------------------------------------------------------------
Start Applying XDC Timing Constraints
---------------------------------------------------------------------------------
---------------------------------------------------------------------------------
Finished Applying XDC Timing Constraints : Time (s): cpu = 00:00:34 ; elapsed = 00:00:35 . Memory (MB): peak = 1391.008 ; gain = 596.602
---------------------------------------------------------------------------------
---------------------------------------------------------------------------------
Start Timing Optimization
---------------------------------------------------------------------------------
---------------------------------------------------------------------------------
Finished Timing Optimization : Time (s): cpu = 00:00:34 ; elapsed = 00:00:35 . Memory (MB): peak = 1391.008 ; gain = 596.602
---------------------------------------------------------------------------------
---------------------------------------------------------------------------------
Start Technology Mapping
---------------------------------------------------------------------------------
---------------------------------------------------------------------------------
Finished Technology Mapping : Time (s): cpu = 00:00:34 ; elapsed = 00:00:35 . Memory (MB): peak = 1391.008 ; gain = 596.602
---------------------------------------------------------------------------------
---------------------------------------------------------------------------------
Start IO Insertion
---------------------------------------------------------------------------------
---------------------------------------------------------------------------------
Start Flattening Before IO Insertion
---------------------------------------------------------------------------------
---------------------------------------------------------------------------------
Finished Flattening Before IO Insertion
---------------------------------------------------------------------------------
---------------------------------------------------------------------------------
Start Final Netlist Cleanup
---------------------------------------------------------------------------------
---------------------------------------------------------------------------------
Finished Final Netlist Cleanup
---------------------------------------------------------------------------------
---------------------------------------------------------------------------------
Finished IO Insertion : Time (s): cpu = 00:00:41 ; elapsed = 00:00:43 . Memory (MB): peak = 1391.008 ; gain = 596.602
---------------------------------------------------------------------------------
---------------------------------------------------------------------------------
Start Renaming Generated Instances
---------------------------------------------------------------------------------
---------------------------------------------------------------------------------
Finished Renaming Generated Instances : Time (s): cpu = 00:00:41 ; elapsed = 00:00:43 . Memory (MB): peak = 1391.008 ; gain = 596.602
---------------------------------------------------------------------------------
---------------------------------------------------------------------------------
Start Rebuilding User Hierarchy
---------------------------------------------------------------------------------
---------------------------------------------------------------------------------
Finished Rebuilding User Hierarchy : Time (s): cpu = 00:00:41 ; elapsed = 00:00:43 . Memory (MB): peak = 1391.008 ; gain = 596.602
---------------------------------------------------------------------------------
---------------------------------------------------------------------------------
Start Renaming Generated Ports
---------------------------------------------------------------------------------
---------------------------------------------------------------------------------
Finished Renaming Generated Ports : Time (s): cpu = 00:00:41 ; elapsed = 00:00:43 . Memory (MB): peak = 1391.008 ; gain = 596.602
---------------------------------------------------------------------------------
---------------------------------------------------------------------------------
Start Handling Custom Attributes
---------------------------------------------------------------------------------
---------------------------------------------------------------------------------
Finished Handling Custom Attributes : Time (s): cpu = 00:00:41 ; elapsed = 00:00:43 . Memory (MB): peak = 1391.008 ; gain = 596.602
---------------------------------------------------------------------------------
---------------------------------------------------------------------------------
Start Renaming Generated Nets
---------------------------------------------------------------------------------
---------------------------------------------------------------------------------
Finished Renaming Generated Nets : Time (s): cpu = 00:00:41 ; elapsed = 00:00:43 . Memory (MB): peak = 1391.008 ; gain = 596.602
---------------------------------------------------------------------------------
---------------------------------------------------------------------------------
Start Writing Synthesis Report
---------------------------------------------------------------------------------

Report BlackBoxes: 
+-+--------------+----------+
| |BlackBox name |Instances |
+-+--------------+----------+
+-+--------------+----------+

Report Cell Usage: 
+------+-------+------+
|      |Cell   |Count |
+------+-------+------+
|1     |BUFG   |     1|
|2     |CARRY4 |     5|
|3     |LUT1   |    10|
|4     |LUT2   |    16|
|5     |LUT3   |    20|
|6     |LUT4   |    22|
|7     |LUT5   |     8|
|8     |LUT6   |    10|
|9     |MUXF7  |     4|
|10    |FDRE   |    67|
|11    |LD     |     6|
|12    |IBUF   |     1|
|13    |OBUF   |    24|
+------+-------+------+
---------------------------------------------------------------------------------
Finished Writing Synthesis Report : Time (s): cpu = 00:00:41 ; elapsed = 00:00:43 . Memory (MB): peak = 1391.008 ; gain = 596.602
---------------------------------------------------------------------------------
Synthesis finished with 0 errors, 3 critical warnings and 21 warnings.
Synthesis Optimization Runtime : Time (s): cpu = 00:00:27 ; elapsed = 00:00:40 . Memory (MB): peak = 1391.008 ; gain = 499.238
Synthesis Optimization Complete : Time (s): cpu = 00:00:41 ; elapsed = 00:00:43 . Memory (MB): peak = 1391.008 ; gain = 596.602
INFO: [Project 1-571] Translating synthesized netlist
Netlist sorting complete. Time (s): cpu = 00:00:00 ; elapsed = 00:00:00.002 . Memory (MB): peak = 1391.008 ; gain = 0.000
INFO: [Netlist 29-17] Analyzing 15 Unisim elements for replacement
INFO: [Netlist 29-28] Unisim Transformation completed in 0 CPU seconds
INFO: [Project 1-570] Preparing netlist for logic optimization
INFO: [Opt 31-138] Pushed 0 inverter(s) to 0 load pin(s).
Netlist sorting complete. Time (s): cpu = 00:00:00 ; elapsed = 00:00:00 . Memory (MB): peak = 1391.008 ; gain = 0.000
INFO: [Project 1-111] Unisim Transformation Summary:
  A total of 6 instances were transformed.
  LD => LDCE: 6 instances

Synth Design complete, checksum: 8c9bb09b
INFO: [Common 17-83] Releasing license: Synthesis
53 Infos, 45 Warnings, 3 Critical Warnings and 0 Errors encountered.
synth_design completed successfully
synth_design: Time (s): cpu = 00:00:48 ; elapsed = 00:00:52 . Memory (MB): peak = 1391.008 ; gain = 990.918
INFO: [runtcl-6] Synthesis results are not added to the cache due to CRITICAL_WARNING
INFO: [Common 17-1381] The checkpoint 'D:/UC Files/2025/ENEL373/ThuGroup13/reaction_timer/reaction_timer.runs/synth_1/milestone_1.dcp' has been generated.
INFO: [runtcl-4] Executing : report_utilization -file milestone_1_utilization_synth.rpt -pb milestone_1_utilization_synth.pb
INFO: [Common 17-206] Exiting Vivado at Thu Mar  6 13:41:22 2025...
